Error: Cannot find module '../../dist/vue-ssr-server-bundle.json'
    at Function.Module._resolveFilename (module.js:469:15)
    at Function.Module._load (module.js:417:25)
    at Function._load (/Users/hotread/.config/yarn/global/node_modules/pmx/lib/transaction.js:94:21)
    at Module.require (module.js:497:17)
    at require (internal/module.js:20:19)
    at Object.<anonymous> (/Users/hotread/work/learn/vue-server/server/router/index.js:11:22)
    at Module._compile (module.js:570:32)
    at loader (/Users/hotread/work/learn/vue-server/node_modules/babel-register/lib/node.js:144:5)
    at Object.require.extensions.(anonymous function) [as .js] (/Users/hotread/work/learn/vue-server/node_modules/babel-register/lib/node.js:154:7)
    at Module.load (module.js:487:32)
Error: Cannot find module '../../dist/vue-ssr-server-bundle.json'
    at Function.Module._resolveFilename (module.js:469:15)
    at Function.Module._load (module.js:417:25)
    at Function._load (/Users/hotread/.config/yarn/global/node_modules/pmx/lib/transaction.js:94:21)
    at Module.require (module.js:497:17)
    at require (internal/module.js:20:19)
    at Object.<anonymous> (/Users/hotread/work/learn/vue-server/server/router/index.js:11:22)
    at Module._compile (module.js:570:32)
    at loader (/Users/hotread/work/learn/vue-server/node_modules/babel-register/lib/node.js:144:5)
    at Object.require.extensions.(anonymous function) [as .js] (/Users/hotread/work/learn/vue-server/node_modules/babel-register/lib/node.js:154:7)
    at Module.load (module.js:487:32)
Error: Cannot find module '../../dist/vue-ssr-server-bundle.json'
    at Function.Module._resolveFilename (module.js:469:15)
    at Function.Module._load (module.js:417:25)
    at Function._load (/Users/hotread/.config/yarn/global/node_modules/pmx/lib/transaction.js:94:21)
    at Module.require (module.js:497:17)
    at require (internal/module.js:20:19)
    at Object.<anonymous> (/Users/hotread/work/learn/vue-server/server/router/index.js:11:22)
    at Module._compile (module.js:570:32)
    at loader (/Users/hotread/work/learn/vue-server/node_modules/babel-register/lib/node.js:144:5)
    at Object.require.extensions.(anonymous function) [as .js] (/Users/hotread/work/learn/vue-server/node_modules/babel-register/lib/node.js:154:7)
    at Module.load (module.js:487:32)
Error: Cannot find module '../../dist/vue-ssr-server-bundle.json'
    at Function.Module._resolveFilename (module.js:469:15)
    at Function.Module._load (module.js:417:25)
    at Function._load (/Users/hotread/.config/yarn/global/node_modules/pmx/lib/transaction.js:94:21)
    at Module.require (module.js:497:17)
    at require (internal/module.js:20:19)
    at Object.<anonymous> (/Users/hotread/work/learn/vue-server/server/router/index.js:11:22)
    at Module._compile (module.js:570:32)
    at loader (/Users/hotread/work/learn/vue-server/node_modules/babel-register/lib/node.js:144:5)
    at Object.require.extensions.(anonymous function) [as .js] (/Users/hotread/work/learn/vue-server/node_modules/babel-register/lib/node.js:154:7)
    at Module.load (module.js:487:32)
Error: Cannot find module '../../dist/vue-ssr-server-bundle.json'
    at Function.Module._resolveFilename (module.js:469:15)
    at Function.Module._load (module.js:417:25)
    at Function._load (/Users/hotread/.config/yarn/global/node_modules/pmx/lib/transaction.js:94:21)
    at Module.require (module.js:497:17)
    at require (internal/module.js:20:19)
    at Object.<anonymous> (/Users/hotread/work/learn/vue-server/server/router/index.js:11:22)
    at Module._compile (module.js:570:32)
    at loader (/Users/hotread/work/learn/vue-server/node_modules/babel-register/lib/node.js:144:5)
    at Object.require.extensions.(anonymous function) [as .js] (/Users/hotread/work/learn/vue-server/node_modules/babel-register/lib/node.js:154:7)
    at Module.load (module.js:487:32)
Error: Cannot find module '../../dist/vue-ssr-server-bundle.json'
    at Function.Module._resolveFilename (module.js:469:15)
    at Function.Module._load (module.js:417:25)
    at Function._load (/Users/hotread/.config/yarn/global/node_modules/pmx/lib/transaction.js:94:21)
    at Module.require (module.js:497:17)
    at require (internal/module.js:20:19)
    at Object.<anonymous> (/Users/hotread/work/learn/vue-server/server/router/index.js:11:22)
    at Module._compile (module.js:570:32)
    at loader (/Users/hotread/work/learn/vue-server/node_modules/babel-register/lib/node.js:144:5)
    at Object.require.extensions.(anonymous function) [as .js] (/Users/hotread/work/learn/vue-server/node_modules/babel-register/lib/node.js:154:7)
    at Module.load (module.js:487:32)
Error: Cannot find module '../../dist/vue-ssr-server-bundle.json'
    at Function.Module._resolveFilename (module.js:469:15)
    at Function.Module._load (module.js:417:25)
    at Function._load (/Users/hotread/.config/yarn/global/node_modules/pmx/lib/transaction.js:94:21)
    at Module.require (module.js:497:17)
    at require (internal/module.js:20:19)
    at Object.<anonymous> (/Users/hotread/work/learn/vue-server/server/router/index.js:11:22)
    at Module._compile (module.js:570:32)
    at loader (/Users/hotread/work/learn/vue-server/node_modules/babel-register/lib/node.js:144:5)
    at Object.require.extensions.(anonymous function) [as .js] (/Users/hotread/work/learn/vue-server/node_modules/babel-register/lib/node.js:154:7)
    at Module.load (module.js:487:32)
Error: Cannot find module '../../dist/vue-ssr-server-bundle.json'
    at Function.Module._resolveFilename (module.js:469:15)
    at Function.Module._load (module.js:417:25)
    at Function._load (/Users/hotread/.config/yarn/global/node_modules/pmx/lib/transaction.js:94:21)
    at Module.require (module.js:497:17)
    at require (internal/module.js:20:19)
    at Object.<anonymous> (/Users/hotread/work/learn/vue-server/server/router/index.js:11:22)
    at Module._compile (module.js:570:32)
    at loader (/Users/hotread/work/learn/vue-server/node_modules/babel-register/lib/node.js:144:5)
    at Object.require.extensions.(anonymous function) [as .js] (/Users/hotread/work/learn/vue-server/node_modules/babel-register/lib/node.js:154:7)
    at Module.load (module.js:487:32)
Error: Cannot find module '../../dist/vue-ssr-server-bundle.json'
    at Function.Module._resolveFilename (module.js:469:15)
    at Function.Module._load (module.js:417:25)
    at Function._load (/Users/hotread/.config/yarn/global/node_modules/pmx/lib/transaction.js:94:21)
    at Module.require (module.js:497:17)
    at require (internal/module.js:20:19)
    at Object.<anonymous> (/Users/hotread/work/learn/vue-server/server/router/index.js:11:22)
    at Module._compile (module.js:570:32)
    at loader (/Users/hotread/work/learn/vue-server/node_modules/babel-register/lib/node.js:144:5)
    at Object.require.extensions.(anonymous function) [as .js] (/Users/hotread/work/learn/vue-server/node_modules/babel-register/lib/node.js:154:7)
    at Module.load (module.js:487:32)
Error: Cannot find module '../../dist/vue-ssr-server-bundle.json'
    at Function.Module._resolveFilename (module.js:469:15)
    at Function.Module._load (module.js:417:25)
    at Function._load (/Users/hotread/.config/yarn/global/node_modules/pmx/lib/transaction.js:94:21)
    at Module.require (module.js:497:17)
    at require (internal/module.js:20:19)
    at Object.<anonymous> (/Users/hotread/work/learn/vue-server/server/router/index.js:11:22)
    at Module._compile (module.js:570:32)
    at loader (/Users/hotread/work/learn/vue-server/node_modules/babel-register/lib/node.js:144:5)
    at Object.require.extensions.(anonymous function) [as .js] (/Users/hotread/work/learn/vue-server/node_modules/babel-register/lib/node.js:154:7)
    at Module.load (module.js:487:32)
Error: Cannot find module '../../dist/vue-ssr-server-bundle.json'
    at Function.Module._resolveFilename (module.js:469:15)
    at Function.Module._load (module.js:417:25)
    at Function._load (/Users/hotread/.config/yarn/global/node_modules/pmx/lib/transaction.js:94:21)
    at Module.require (module.js:497:17)
    at require (internal/module.js:20:19)
    at Object.<anonymous> (/Users/hotread/work/learn/vue-server/server/router/index.js:11:22)
    at Module._compile (module.js:570:32)
    at loader (/Users/hotread/work/learn/vue-server/node_modules/babel-register/lib/node.js:144:5)
    at Object.require.extensions.(anonymous function) [as .js] (/Users/hotread/work/learn/vue-server/node_modules/babel-register/lib/node.js:154:7)
    at Module.load (module.js:487:32)
Error: Cannot find module '../../dist/vue-ssr-server-bundle.json'
    at Function.Module._resolveFilename (module.js:469:15)
    at Function.Module._load (module.js:417:25)
    at Function._load (/Users/hotread/.config/yarn/global/node_modules/pmx/lib/transaction.js:94:21)
    at Module.require (module.js:497:17)
    at require (internal/module.js:20:19)
    at Object.<anonymous> (/Users/hotread/work/learn/vue-server/server/router/index.js:11:22)
    at Module._compile (module.js:570:32)
    at loader (/Users/hotread/work/learn/vue-server/node_modules/babel-register/lib/node.js:144:5)
    at Object.require.extensions.(anonymous function) [as .js] (/Users/hotread/work/learn/vue-server/node_modules/babel-register/lib/node.js:154:7)
    at Module.load (module.js:487:32)
Error: Cannot find module '../../dist/vue-ssr-server-bundle.json'
    at Function.Module._resolveFilename (module.js:469:15)
    at Function.Module._load (module.js:417:25)
    at Function._load (/Users/hotread/.config/yarn/global/node_modules/pmx/lib/transaction.js:94:21)
    at Module.require (module.js:497:17)
    at require (internal/module.js:20:19)
    at Object.<anonymous> (/Users/hotread/work/learn/vue-server/server/router/index.js:11:22)
    at Module._compile (module.js:570:32)
    at loader (/Users/hotread/work/learn/vue-server/node_modules/babel-register/lib/node.js:144:5)
    at Object.require.extensions.(anonymous function) [as .js] (/Users/hotread/work/learn/vue-server/node_modules/babel-register/lib/node.js:154:7)
    at Module.load (module.js:487:32)
Error: Cannot find module '../../dist/vue-ssr-server-bundle.json'
    at Function.Module._resolveFilename (module.js:469:15)
    at Function.Module._load (module.js:417:25)
    at Function._load (/Users/hotread/.config/yarn/global/node_modules/pmx/lib/transaction.js:94:21)
    at Module.require (module.js:497:17)
    at require (internal/module.js:20:19)
    at Object.<anonymous> (/Users/hotread/work/learn/vue-server/server/router/index.js:11:22)
    at Module._compile (module.js:570:32)
    at loader (/Users/hotread/work/learn/vue-server/node_modules/babel-register/lib/node.js:144:5)
    at Object.require.extensions.(anonymous function) [as .js] (/Users/hotread/work/learn/vue-server/node_modules/babel-register/lib/node.js:154:7)
    at Module.load (module.js:487:32)
Error: Cannot find module '../../dist/vue-ssr-server-bundle.json'
    at Function.Module._resolveFilename (module.js:469:15)
    at Function.Module._load (module.js:417:25)
    at Function._load (/Users/hotread/.config/yarn/global/node_modules/pmx/lib/transaction.js:94:21)
    at Module.require (module.js:497:17)
    at require (internal/module.js:20:19)
    at Object.<anonymous> (/Users/hotread/work/learn/vue-server/server/router/index.js:11:22)
    at Module._compile (module.js:570:32)
    at loader (/Users/hotread/work/learn/vue-server/node_modules/babel-register/lib/node.js:144:5)
    at Object.require.extensions.(anonymous function) [as .js] (/Users/hotread/work/learn/vue-server/node_modules/babel-register/lib/node.js:154:7)
    at Module.load (module.js:487:32)
Error: Cannot find module '../../dist/vue-ssr-server-bundle.json'
    at Function.Module._resolveFilename (module.js:469:15)
    at Function.Module._load (module.js:417:25)
    at Function._load (/Users/hotread/.config/yarn/global/node_modules/pmx/lib/transaction.js:94:21)
    at Module.require (module.js:497:17)
    at require (internal/module.js:20:19)
    at Object.<anonymous> (/Users/hotread/work/learn/vue-server/server/router/index.js:11:22)
    at Module._compile (module.js:570:32)
    at loader (/Users/hotread/work/learn/vue-server/node_modules/babel-register/lib/node.js:144:5)
    at Object.require.extensions.(anonymous function) [as .js] (/Users/hotread/work/learn/vue-server/node_modules/babel-register/lib/node.js:154:7)
    at Module.load (module.js:487:32)
Error: Cannot find module '../../dist/vue-ssr-server-bundle.json'
    at Function.Module._resolveFilename (module.js:469:15)
    at Function.Module._load (module.js:417:25)
    at Function._load (/Users/hotread/.config/yarn/global/node_modules/pmx/lib/transaction.js:94:21)
    at Module.require (module.js:497:17)
    at require (internal/module.js:20:19)
    at Object.<anonymous> (/Users/hotread/work/learn/vue-server/server/router/index.js:11:22)
    at Module._compile (module.js:570:32)
    at loader (/Users/hotread/work/learn/vue-server/node_modules/babel-register/lib/node.js:144:5)
    at Object.require.extensions.(anonymous function) [as .js] (/Users/hotread/work/learn/vue-server/node_modules/babel-register/lib/node.js:154:7)
    at Module.load (module.js:487:32)
Error: Cannot find module '../../dist/vue-ssr-server-bundle.json'
    at Function.Module._resolveFilename (module.js:469:15)
    at Function.Module._load (module.js:417:25)
    at Function._load (/Users/hotread/.config/yarn/global/node_modules/pmx/lib/transaction.js:94:21)
    at Module.require (module.js:497:17)
    at require (internal/module.js:20:19)
    at Object.<anonymous> (/Users/hotread/work/learn/vue-server/server/router/index.js:11:22)
    at Module._compile (module.js:570:32)
    at loader (/Users/hotread/work/learn/vue-server/node_modules/babel-register/lib/node.js:144:5)
    at Object.require.extensions.(anonymous function) [as .js] (/Users/hotread/work/learn/vue-server/node_modules/babel-register/lib/node.js:154:7)
    at Module.load (module.js:487:32)
Error: Cannot find module '../../dist/vue-ssr-server-bundle.json'
    at Function.Module._resolveFilename (module.js:469:15)
    at Function.Module._load (module.js:417:25)
    at Function._load (/Users/hotread/.config/yarn/global/node_modules/pmx/lib/transaction.js:94:21)
    at Module.require (module.js:497:17)
    at require (internal/module.js:20:19)
    at Object.<anonymous> (/Users/hotread/work/learn/vue-server/server/router/index.js:11:22)
    at Module._compile (module.js:570:32)
    at loader (/Users/hotread/work/learn/vue-server/node_modules/babel-register/lib/node.js:144:5)
    at Object.require.extensions.(anonymous function) [as .js] (/Users/hotread/work/learn/vue-server/node_modules/babel-register/lib/node.js:154:7)
    at Module.load (module.js:487:32)
Error: Cannot find module '../../dist/vue-ssr-server-bundle.json'
    at Function.Module._resolveFilename (module.js:469:15)
    at Function.Module._load (module.js:417:25)
    at Function._load (/Users/hotread/.config/yarn/global/node_modules/pmx/lib/transaction.js:94:21)
    at Module.require (module.js:497:17)
    at require (internal/module.js:20:19)
    at Object.<anonymous> (/Users/hotread/work/learn/vue-server/server/router/index.js:11:22)
    at Module._compile (module.js:570:32)
    at loader (/Users/hotread/work/learn/vue-server/node_modules/babel-register/lib/node.js:144:5)
    at Object.require.extensions.(anonymous function) [as .js] (/Users/hotread/work/learn/vue-server/node_modules/babel-register/lib/node.js:154:7)
    at Module.load (module.js:487:32)
Error: Cannot find module '../../dist/vue-ssr-server-bundle.json'
    at Function.Module._resolveFilename (module.js:469:15)
    at Function.Module._load (module.js:417:25)
    at Function._load (/Users/hotread/.config/yarn/global/node_modules/pmx/lib/transaction.js:94:21)
    at Module.require (module.js:497:17)
    at require (internal/module.js:20:19)
    at Object.<anonymous> (/Users/hotread/work/learn/vue-server/server/router/index.js:11:22)
    at Module._compile (module.js:570:32)
    at loader (/Users/hotread/work/learn/vue-server/node_modules/babel-register/lib/node.js:144:5)
    at Object.require.extensions.(anonymous function) [as .js] (/Users/hotread/work/learn/vue-server/node_modules/babel-register/lib/node.js:154:7)
    at Module.load (module.js:487:32)
Error: Cannot find module '../../dist/vue-ssr-server-bundle.json'
    at Function.Module._resolveFilename (module.js:469:15)
    at Function.Module._load (module.js:417:25)
    at Function._load (/Users/hotread/.config/yarn/global/node_modules/pmx/lib/transaction.js:94:21)
    at Module.require (module.js:497:17)
    at require (internal/module.js:20:19)
    at Object.<anonymous> (/Users/hotread/work/learn/vue-server/server/router/index.js:11:22)
    at Module._compile (module.js:570:32)
    at loader (/Users/hotread/work/learn/vue-server/node_modules/babel-register/lib/node.js:144:5)
    at Object.require.extensions.(anonymous function) [as .js] (/Users/hotread/work/learn/vue-server/node_modules/babel-register/lib/node.js:154:7)
    at Module.load (module.js:487:32)
Error: Cannot find module '../../dist/vue-ssr-server-bundle.json'
    at Function.Module._resolveFilename (module.js:469:15)
    at Function.Module._load (module.js:417:25)
    at Function._load (/Users/hotread/.config/yarn/global/node_modules/pmx/lib/transaction.js:94:21)
    at Module.require (module.js:497:17)
    at require (internal/module.js:20:19)
    at Object.<anonymous> (/Users/hotread/work/learn/vue-server/server/router/index.js:11:22)
    at Module._compile (module.js:570:32)
    at loader (/Users/hotread/work/learn/vue-server/node_modules/babel-register/lib/node.js:144:5)
    at Object.require.extensions.(anonymous function) [as .js] (/Users/hotread/work/learn/vue-server/node_modules/babel-register/lib/node.js:154:7)
    at Module.load (module.js:487:32)
Error: Cannot find module '../../dist/vue-ssr-server-bundle.json'
    at Function.Module._resolveFilename (module.js:469:15)
    at Function.Module._load (module.js:417:25)
    at Function._load (/Users/hotread/.config/yarn/global/node_modules/pmx/lib/transaction.js:94:21)
    at Module.require (module.js:497:17)
    at require (internal/module.js:20:19)
    at Object.<anonymous> (/Users/hotread/work/learn/vue-server/server/router/index.js:11:22)
    at Module._compile (module.js:570:32)
    at loader (/Users/hotread/work/learn/vue-server/node_modules/babel-register/lib/node.js:144:5)
    at Object.require.extensions.(anonymous function) [as .js] (/Users/hotread/work/learn/vue-server/node_modules/babel-register/lib/node.js:154:7)
    at Module.load (module.js:487:32)
Error: Cannot find module '../../dist/vue-ssr-server-bundle.json'
    at Function.Module._resolveFilename (module.js:469:15)
    at Function.Module._load (module.js:417:25)
    at Module.require (module.js:497:17)
    at require (internal/module.js:20:19)
    at Object.<anonymous> (/Users/hotread/work/learn/vue-server/server/router/index.js:11:22)
    at Module._compile (module.js:570:32)
    at loader (/Users/hotread/work/learn/vue-server/node_modules/babel-register/lib/node.js:144:5)
    at Object.require.extensions.(anonymous function) [as .js] (/Users/hotread/work/learn/vue-server/node_modules/babel-register/lib/node.js:154:7)
    at Module.load (module.js:487:32)
    at tryModuleLoad (module.js:446:12)
SyntaxError: Block-scoped declarations (let, const, function, class) not yet supported outside strict mode
    at exports.runInThisContext (vm.js:53:16)
    at Module._compile (module.js:387:25)
    at Object.Module._extensions..js (module.js:422:10)
    at Module.load (module.js:357:32)
    at Function.Module._load (module.js:314:12)
    at Function._load (/Users/hotread/.config/yarn/global/node_modules/pmx/lib/transaction.js:94:21)
    at /Users/hotread/.config/yarn/global/node_modules/pm2/lib/ProcessContainer.js:301:23
    at /Users/hotread/.config/yarn/global/node_modules/async/lib/async.js:52:16
    at /Users/hotread/.config/yarn/global/node_modules/async/lib/async.js:1209:30
    at WriteStream.<anonymous> (/Users/hotread/.config/yarn/global/node_modules/pm2/lib/Utility.js:147:13)
SyntaxError: Block-scoped declarations (let, const, function, class) not yet supported outside strict mode
    at exports.runInThisContext (vm.js:53:16)
    at Module._compile (module.js:387:25)
    at Object.Module._extensions..js (module.js:422:10)
    at Module.load (module.js:357:32)
    at Function.Module._load (module.js:314:12)
    at Function._load (/Users/hotread/.config/yarn/global/node_modules/pmx/lib/transaction.js:94:21)
    at /Users/hotread/.config/yarn/global/node_modules/pm2/lib/ProcessContainer.js:301:23
    at /Users/hotread/.config/yarn/global/node_modules/async/lib/async.js:52:16
    at /Users/hotread/.config/yarn/global/node_modules/async/lib/async.js:1209:30
    at WriteStream.<anonymous> (/Users/hotread/.config/yarn/global/node_modules/pm2/lib/Utility.js:147:13)
SyntaxError: Block-scoped declarations (let, const, function, class) not yet supported outside strict mode
    at exports.runInThisContext (vm.js:53:16)
    at Module._compile (module.js:387:25)
    at Object.Module._extensions..js (module.js:422:10)
    at Module.load (module.js:357:32)
    at Function.Module._load (module.js:314:12)
    at Function._load (/Users/hotread/.config/yarn/global/node_modules/pmx/lib/transaction.js:94:21)
    at /Users/hotread/.config/yarn/global/node_modules/pm2/lib/ProcessContainer.js:301:23
    at /Users/hotread/.config/yarn/global/node_modules/async/lib/async.js:52:16
    at /Users/hotread/.config/yarn/global/node_modules/async/lib/async.js:1209:30
    at WriteStream.<anonymous> (/Users/hotread/.config/yarn/global/node_modules/pm2/lib/Utility.js:147:13)
SyntaxError: Block-scoped declarations (let, const, function, class) not yet supported outside strict mode
    at exports.runInThisContext (vm.js:53:16)
    at Module._compile (module.js:387:25)
    at Object.Module._extensions..js (module.js:422:10)
    at Module.load (module.js:357:32)
    at Function.Module._load (module.js:314:12)
    at Function._load (/Users/hotread/.config/yarn/global/node_modules/pmx/lib/transaction.js:94:21)
    at /Users/hotread/.config/yarn/global/node_modules/pm2/lib/ProcessContainer.js:301:23
    at /Users/hotread/.config/yarn/global/node_modules/async/lib/async.js:52:16
    at /Users/hotread/.config/yarn/global/node_modules/async/lib/async.js:1209:30
    at WriteStream.<anonymous> (/Users/hotread/.config/yarn/global/node_modules/pm2/lib/Utility.js:147:13)
SyntaxError: Block-scoped declarations (let, const, function, class) not yet supported outside strict mode
    at exports.runInThisContext (vm.js:53:16)
    at Module._compile (module.js:387:25)
    at Object.Module._extensions..js (module.js:422:10)
    at Module.load (module.js:357:32)
    at Function.Module._load (module.js:314:12)
    at Function._load (/Users/hotread/.config/yarn/global/node_modules/pmx/lib/transaction.js:94:21)
    at /Users/hotread/.config/yarn/global/node_modules/pm2/lib/ProcessContainer.js:301:23
    at /Users/hotread/.config/yarn/global/node_modules/async/lib/async.js:52:16
    at /Users/hotread/.config/yarn/global/node_modules/async/lib/async.js:1209:30
    at WriteStream.<anonymous> (/Users/hotread/.config/yarn/global/node_modules/pm2/lib/Utility.js:147:13)
SyntaxError: Block-scoped declarations (let, const, function, class) not yet supported outside strict mode
    at exports.runInThisContext (vm.js:53:16)
    at Module._compile (module.js:387:25)
    at Object.Module._extensions..js (module.js:422:10)
    at Module.load (module.js:357:32)
    at Function.Module._load (module.js:314:12)
    at Function._load (/Users/hotread/.config/yarn/global/node_modules/pmx/lib/transaction.js:94:21)
    at /Users/hotread/.config/yarn/global/node_modules/pm2/lib/ProcessContainer.js:301:23
    at /Users/hotread/.config/yarn/global/node_modules/async/lib/async.js:52:16
    at /Users/hotread/.config/yarn/global/node_modules/async/lib/async.js:1209:30
    at WriteStream.<anonymous> (/Users/hotread/.config/yarn/global/node_modules/pm2/lib/Utility.js:147:13)
SyntaxError: Block-scoped declarations (let, const, function, class) not yet supported outside strict mode
    at exports.runInThisContext (vm.js:53:16)
    at Module._compile (module.js:387:25)
    at Object.Module._extensions..js (module.js:422:10)
    at Module.load (module.js:357:32)
    at Function.Module._load (module.js:314:12)
    at Function._load (/Users/hotread/.config/yarn/global/node_modules/pmx/lib/transaction.js:94:21)
    at /Users/hotread/.config/yarn/global/node_modules/pm2/lib/ProcessContainer.js:301:23
    at /Users/hotread/.config/yarn/global/node_modules/async/lib/async.js:52:16
    at /Users/hotread/.config/yarn/global/node_modules/async/lib/async.js:1209:30
    at WriteStream.<anonymous> (/Users/hotread/.config/yarn/global/node_modules/pm2/lib/Utility.js:147:13)
SyntaxError: Block-scoped declarations (let, const, function, class) not yet supported outside strict mode
    at exports.runInThisContext (vm.js:53:16)
    at Module._compile (module.js:387:25)
    at Object.Module._extensions..js (module.js:422:10)
    at Module.load (module.js:357:32)
    at Function.Module._load (module.js:314:12)
    at Function._load (/Users/hotread/.config/yarn/global/node_modules/pmx/lib/transaction.js:94:21)
    at /Users/hotread/.config/yarn/global/node_modules/pm2/lib/ProcessContainer.js:301:23
    at /Users/hotread/.config/yarn/global/node_modules/async/lib/async.js:52:16
    at /Users/hotread/.config/yarn/global/node_modules/async/lib/async.js:1209:30
    at WriteStream.<anonymous> (/Users/hotread/.config/yarn/global/node_modules/pm2/lib/Utility.js:147:13)
SyntaxError: Block-scoped declarations (let, const, function, class) not yet supported outside strict mode
    at exports.runInThisContext (vm.js:53:16)
    at Module._compile (module.js:387:25)
    at Object.Module._extensions..js (module.js:422:10)
    at Module.load (module.js:357:32)
    at Function.Module._load (module.js:314:12)
    at Function._load (/Users/hotread/.config/yarn/global/node_modules/pmx/lib/transaction.js:94:21)
    at /Users/hotread/.config/yarn/global/node_modules/pm2/lib/ProcessContainer.js:301:23
    at /Users/hotread/.config/yarn/global/node_modules/async/lib/async.js:52:16
    at /Users/hotread/.config/yarn/global/node_modules/async/lib/async.js:1209:30
    at WriteStream.<anonymous> (/Users/hotread/.config/yarn/global/node_modules/pm2/lib/Utility.js:147:13)
SyntaxError: Block-scoped declarations (let, const, function, class) not yet supported outside strict mode
    at exports.runInThisContext (vm.js:53:16)
    at Module._compile (module.js:387:25)
    at Object.Module._extensions..js (module.js:422:10)
    at Module.load (module.js:357:32)
    at Function.Module._load (module.js:314:12)
    at Function._load (/Users/hotread/.config/yarn/global/node_modules/pmx/lib/transaction.js:94:21)
    at /Users/hotread/.config/yarn/global/node_modules/pm2/lib/ProcessContainer.js:301:23
    at /Users/hotread/.config/yarn/global/node_modules/async/lib/async.js:52:16
    at /Users/hotread/.config/yarn/global/node_modules/async/lib/async.js:1209:30
    at WriteStream.<anonymous> (/Users/hotread/.config/yarn/global/node_modules/pm2/lib/Utility.js:147:13)
SyntaxError: Block-scoped declarations (let, const, function, class) not yet supported outside strict mode
    at exports.runInThisContext (vm.js:53:16)
    at Module._compile (module.js:387:25)
    at Object.Module._extensions..js (module.js:422:10)
    at Module.load (module.js:357:32)
    at Function.Module._load (module.js:314:12)
    at Function._load (/Users/hotread/.config/yarn/global/node_modules/pmx/lib/transaction.js:94:21)
    at /Users/hotread/.config/yarn/global/node_modules/pm2/lib/ProcessContainer.js:301:23
    at /Users/hotread/.config/yarn/global/node_modules/async/lib/async.js:52:16
    at /Users/hotread/.config/yarn/global/node_modules/async/lib/async.js:1209:30
    at WriteStream.<anonymous> (/Users/hotread/.config/yarn/global/node_modules/pm2/lib/Utility.js:147:13)
SyntaxError: Block-scoped declarations (let, const, function, class) not yet supported outside strict mode
    at exports.runInThisContext (vm.js:53:16)
    at Module._compile (module.js:387:25)
    at Object.Module._extensions..js (module.js:422:10)
    at Module.load (module.js:357:32)
    at Function.Module._load (module.js:314:12)
    at Function._load (/Users/hotread/.config/yarn/global/node_modules/pmx/lib/transaction.js:94:21)
    at /Users/hotread/.config/yarn/global/node_modules/pm2/lib/ProcessContainer.js:301:23
    at /Users/hotread/.config/yarn/global/node_modules/async/lib/async.js:52:16
    at /Users/hotread/.config/yarn/global/node_modules/async/lib/async.js:1209:30
    at WriteStream.<anonymous> (/Users/hotread/.config/yarn/global/node_modules/pm2/lib/Utility.js:147:13)
